2019-03-03T13:21:40.386Z - normal: Load ~/.CocosCreator/settings.json
2019-03-03T13:21:40.482Z - normal: checking language setting...
2019-03-03T13:21:40.486Z - normal: Language: en
2019-03-03T13:21:41.747Z - success: protocol editor-framework registered
2019-03-03T13:21:41.747Z - success: protocol app registered
2019-03-03T13:21:41.748Z - success: protocol theme registered
2019-03-03T13:21:41.748Z - success: protocol packages registered
2019-03-03T13:21:41.749Z - success: protocol unpack registerred
2019-03-03T13:21:41.749Z - success: protocol disable-commonjs registerred
2019-03-03T13:21:42.378Z - normal: connected!
2019-03-03T13:21:42.391Z - normal: Check project /Users/korotkihvm/Desktop/Balloons
2019-03-03T13:21:42.394Z - normal: Initializing Cocos2d
2019-03-03T13:21:42.891Z - normal: Initializing Asset Database
2019-03-03T13:21:42.923Z - success: protocol uuid registerred
2019-03-03T13:21:42.924Z - success: protocol db registerred
2019-03-03T13:21:42.924Z - success: protocol thumbnail registerred
2019-03-03T13:21:42.924Z - normal: Loading editor/builtin packages
2019-03-03T13:21:42.951Z - success: anysdk loaded
2019-03-03T13:21:43.097Z - success: assets loaded
2019-03-03T13:21:43.101Z - success: builder loaded
2019-03-03T13:21:43.103Z - success: cocos-analytics loaded
2019-03-03T13:21:43.108Z - success: console loaded
2019-03-03T13:21:43.142Z - success: fb-instant-games loaded
2019-03-03T13:21:43.147Z - success: hierarchy loaded
2019-03-03T13:21:43.152Z - success: inspector loaded
2019-03-03T13:21:43.154Z - success: keystore loaded
2019-03-03T13:21:43.158Z - success: node-library loaded
2019-03-03T13:21:43.162Z - success: package-asset loaded
2019-03-03T13:21:43.164Z - success: preferences loaded
2019-03-03T13:21:43.167Z - success: project-exporter loaded
2019-03-03T13:21:43.185Z - success: project-importer loaded
2019-03-03T13:21:43.188Z - success: project-settings loaded
2019-03-03T13:21:43.197Z - success: ui-kit loaded
2019-03-03T13:21:43.206Z - success: ui-grid loaded
2019-03-03T13:21:43.211Z - success: scene loaded
2019-03-03T13:21:43.212Z - success: sprite-editor loaded
2019-03-03T13:21:43.217Z - success: store loaded
2019-03-03T13:21:43.225Z - success: timeline loaded
2019-03-03T13:21:43.226Z - normal: Loading builtin packages
2019-03-03T13:21:43.233Z - success: asset-db-debugger loaded
2019-03-03T13:21:43.236Z - success: color-picker loaded
2019-03-03T13:21:43.245Z - success: package-manager loaded
2019-03-03T13:21:43.248Z - success: qqplay-adapter loaded
2019-03-03T13:21:43.262Z - success: sdkbox loaded
2019-03-03T13:21:43.273Z - success: tester loaded
2019-03-03T13:21:43.281Z - success: ui-kit-preview-extra loaded
2019-03-03T13:21:43.288Z - success: ui-kit-preview loaded
2019-03-03T13:21:43.295Z - success: ui-tree loaded
2019-03-03T13:21:43.299Z - success: weapp-adapter loaded
2019-03-03T13:21:44.608Z - normal: Initializing project /Users/korotkihvm/Desktop/Balloons
2019-03-03T13:21:44.664Z - normal: Loading packages
2019-03-03T13:21:44.675Z - normal: Watching packages
2019-03-03T13:21:44.804Z - normal: Run Application
2019-03-03T13:21:45.566Z - success: preview server running at http://localhost:7456
2019-03-03T13:21:51.353Z - normal: 1.9.3
2019-03-03T13:39:49.464Z - warn: The Asset used by component "cc.Label" in prefab "DataItem.prefab" is missing. Detailed information:
Node path: "DataItem/id"
Asset url: "db://assets/resources/Prefabs/DataItem.prefab"
Missing uuid: "e219071d-8e81-43f1-98d3-86f225f55f33"

2019-03-03T13:39:49.466Z - warn: The Asset used by component "cc.Label" in prefab "DataItem.prefab" is missing. Detailed information:
Node path: "DataItem/name"
Asset url: "db://assets/resources/Prefabs/DataItem.prefab"
Missing uuid: "e219071d-8e81-43f1-98d3-86f225f55f33"

2019-03-03T13:39:49.467Z - warn: The Asset used by component "cc.Label" in prefab "DataItem.prefab" is missing. Detailed information:
Node path: "DataItem/score"
Asset url: "db://assets/resources/Prefabs/DataItem.prefab"
Missing uuid: "e219071d-8e81-43f1-98d3-86f225f55f33"

2019-03-03T13:40:49.512Z - warn: Script attached to "Menu" in prefab "FinishDialog.prefab" is missing or invalid. Detailed information:
Node path: "Finish/Back/Menu"
Asset url: "db://assets/resources/Prefabs/Dialogs/FinishDialog.prefab"
Script UUID: "885b0cd4-1cba-46fd-9946-671dc6f2ccee"
Class ID: "885b0zUHLpG/ZlGZx3G8szu"

2019-03-03T13:40:49.522Z - warn: Script attached to "Finish" in prefab "FinishDialog.prefab" is missing or invalid. Detailed information:
Node path: "Finish"
Asset url: "db://assets/resources/Prefabs/Dialogs/FinishDialog.prefab"
Script UUID: "885b0cd4-1cba-46fd-9946-671dc6f2ccee"
Class ID: "885b0zUHLpG/ZlGZx3G8szu"

2019-03-03T13:47:14.338Z - normal: Simulator: WORKAREA WIDTH 1440.00, HEIGHT 785.00
2019-03-03T13:47:14.355Z - normal: Simulator: FRAME SCALE = 0.75
2019-03-03T13:47:14.523Z - normal: Simulator: 
2019-03-03T13:47:14.524Z - normal: Simulator: {
2019-03-03T13:47:14.525Z - normal: Simulator: 	gl.supports_OES_map_buffer: false
2019-03-03T13:47:14.525Z - normal: Simulator: 	gl.supports_vertex_array_object: true
2019-03-03T13:47:14.527Z - normal: Simulator: 	cocos2d.x.version: Cocos2d-x-lite v1.8.2
2019-03-03T13:47:14.527Z - normal: Simulator: 	gl.vendor: Intel Inc.
2019-03-03T13:47:14.528Z - normal: Simulator: 	gl.supports_PVRTC: false
2019-03-03T13:47:14.528Z - normal: Simulator: 	gl.renderer: Intel(R) HD Graphics 6000
2019-03-03T13:47:14.529Z - normal: Simulator: 	cocos2d.x.compiled_with_profiler: false
2019-03-03T13:47:14.529Z - normal: Simulator: 	gl.max_texture_size: 16384
2019-03-03T13:47:14.529Z - normal: Simulator: 	gl.supports_ETC1: false
2019-03-03T13:47:14.530Z - normal: Simulator: 	gl.supports_BGRA8888: false
2019-03-03T13:47:14.530Z - normal: Simulator: 	cocos2d.x.build_type: DEBUG
2019-03-03T13:47:14.530Z - normal: Simulator: 	gl.max_texture_units: 16
2019-03-03T13:47:14.531Z - normal: Simulator: 	gl.supports_OES_packed_depth_stencil: false
2019-03-03T13:47:14.531Z - normal: Simulator: 	gl.supports_discard_framebuffer: false
2019-03-03T13:47:14.531Z - normal: Simulator: 	gl.supports_NPOT: true
2019-03-03T13:47:14.532Z - normal: Simulator: 	gl.version: 2.1 INTEL-12.4.7
2019-03-03T13:47:14.532Z - normal: Simulator: 	cocos2d.x.compiled_with_gl_state_cache: true
2019-03-03T13:47:14.532Z - normal: Simulator: 	gl.supports_OES_depth24: false
2019-03-03T13:47:14.533Z - normal: Simulator: }
2019-03-03T13:47:14.533Z - normal: Simulator: 
2019-03-03T13:47:14.533Z - normal: Simulator: 
2019-03-03T13:47:14.533Z - normal: Simulator: cocos2d: warning, Director::setProjection() failed because size is 0
2019-03-03T13:47:14.590Z - normal: Simulator: Project Config:
2019-03-03T13:47:14.591Z - normal: Simulator:     project dir: /Applications/CocosCreator.app/Contents/Resources/cocos2d-x/simulator/mac/Simulator.app/Contents/Resources/
2019-03-03T13:47:14.591Z - normal: Simulator:     writable path: $(PROJDIR)/
2019-03-03T13:47:14.592Z - normal: Simulator:     script file: $(PROJDIR)/main.js
2019-03-03T13:47:14.592Z - normal: Simulator:     frame size: 640 x 960
2019-03-03T13:47:14.593Z - normal: Simulator:     frame scale: 0.75
2019-03-03T13:47:14.593Z - normal: Simulator:     show console: NO
2019-03-03T13:47:14.594Z - normal: Simulator:     write debug log: NO ()
2019-03-03T13:47:14.594Z - normal: Simulator:     listen: 
2019-03-03T13:47:14.596Z - normal: Simulator:     debugger: none
2019-03-03T13:47:14.597Z - normal: Simulator:     add searching path:
2019-03-03T13:47:14.599Z - normal: Simulator: ------------------------------------------------
2019-03-03T13:47:14.599Z - normal: Simulator: LOAD Js FILE: main.js
2019-03-03T13:47:14.602Z - normal: Simulator: ------------------------------------------------
2019-03-03T13:47:14.603Z - normal: Simulator: Initializing JavaScriptCore 
2019-03-03T13:47:14.899Z - normal: Simulator: JS: Cocos2d-x-lite v1.8.2
2019-03-03T13:47:15.224Z - normal: Simulator: iShow!
2019-03-03T13:47:15.484Z - normal: Simulator: JS: InitScene: 4.808000000000106ms
2019-03-03T13:47:15.485Z - normal: Simulator: JS: AutoRelease: 0.2799999999999727ms
2019-03-03T13:47:15.485Z - normal: Simulator: JS: Destroy: 0.15099999999995362ms
2019-03-03T13:47:15.485Z - normal: Simulator: JS: AttachPersist: 0.009000000000014552ms
2019-03-03T13:47:15.500Z - normal: Simulator: JS: Activate: 13.442000000000007ms
2019-03-03T13:47:16.604Z - normal: Simulator: JS: [WARN]: Can not find class '885b0zUHLpG/ZlGZx3G8szu'
2019-03-03T13:47:16.719Z - normal: Simulator: JS: [WARN]: Sorry, lineHeight of system font not supported on JSB.
2019-03-03T13:47:16.733Z - normal: Simulator: JS: [WARN]: Sorry, lineHeight of system font not supported on JSB.
2019-03-03T13:47:16.735Z - normal: Simulator: JS: [WARN]: Sorry, lineHeight of system font not supported on JSB.
2019-03-03T13:47:16.751Z - normal: Simulator: JS: [WARN]: Sorry, lineHeight of system font not supported on JSB.
2019-03-03T13:47:16.752Z - normal: Simulator: JS: [WARN]: Sorry, lineHeight of system font not supported on JSB.
2019-03-03T13:47:16.752Z - normal: Simulator: JS: [WARN]: Sorry, lineHeight of system font not supported on JSB.
2019-03-03T13:47:16.754Z - normal: Simulator: JS: [WARN]: Sorry, lineHeight of system font not supported on JSB.
2019-03-03T13:47:16.755Z - normal: Simulator: JS: [WARN]: Sorry, lineHeight of system font not supported on JSB.
2019-03-03T13:47:16.757Z - normal: Simulator: JS: [WARN]: Sorry, lineHeight of system font not supported on JSB.
2019-03-03T13:47:16.765Z - normal: Simulator: JS: [WARN]: Sorry, lineHeight of system font not supported on JSB.
2019-03-03T13:47:16.767Z - normal: Simulator: JS: [WARN]: Sorry, lineHeight of system font not supported on JSB.
2019-03-03T13:47:16.773Z - normal: Simulator: JS: [WARN]: Sorry, lineHeight of system font not supported on JSB.
2019-03-03T13:47:16.786Z - normal: Simulator: JS: [WARN]: Sorry, lineHeight of system font not supported on JSB.
2019-03-03T13:47:16.786Z - normal: Simulator: JS: [WARN]: Sorry, lineHeight of system font not supported on JSB.
2019-03-03T13:47:16.786Z - normal: Simulator: JS: [WARN]: Sorry, lineHeight of system font not supported on JSB.
2019-03-03T13:47:16.790Z - normal: Simulator: JS: [WARN]: Sorry, lineHeight of system font not supported on JSB.
2019-03-03T13:47:16.797Z - normal: Simulator: JS: [WARN]: Sorry, lineHeight of system font not supported on JSB.
2019-03-03T13:47:16.799Z - normal: Simulator: JS: [WARN]: Sorry, lineHeight of system font not supported on JSB.
2019-03-03T13:47:16.811Z - normal: Simulator: JS: [WARN]: Sorry, lineHeight of system font not supported on JSB.
2019-03-03T13:47:16.811Z - normal: Simulator: JS: [WARN]: Sorry, lineHeight of system font not supported on JSB.
2019-03-03T13:47:16.812Z - normal: Simulator: JS: [WARN]: Sorry, lineHeight of system font not supported on JSB.
2019-03-03T13:47:16.815Z - normal: Simulator: JS: [WARN]: Sorry, lineHeight of system font not supported on JSB.
2019-03-03T13:47:16.816Z - normal: Simulator: JS: [WARN]: Sorry, lineHeight of system font not supported on JSB.
2019-03-03T13:47:16.817Z - normal: Simulator: JS: [WARN]: Sorry, lineHeight of system font not supported on JSB.
2019-03-03T13:47:16.822Z - normal: Simulator: JS: [WARN]: Sorry, lineHeight of system font not supported on JSB.
2019-03-03T13:47:16.823Z - normal: Simulator: JS: [WARN]: Sorry, lineHeight of system font not supported on JSB.
2019-03-03T13:47:16.832Z - normal: Simulator: JS: [WARN]: Sorry, lineHeight of system font not supported on JSB.
2019-03-03T13:47:16.835Z - normal: Simulator: JS: [WARN]: Sorry, lineHeight of system font not supported on JSB.
2019-03-03T13:47:16.837Z - normal: Simulator: JS: [WARN]: Sorry, lineHeight of system font not supported on JSB.
2019-03-03T13:47:16.838Z - normal: Simulator: JS: [WARN]: Sorry, lineHeight of system font not supported on JSB.
2019-03-03T13:47:16.846Z - normal: Simulator: JS: [WARN]: Sorry, lineHeight of system font not supported on JSB.
2019-03-03T13:47:16.847Z - normal: Simulator: JS: [WARN]: Sorry, lineHeight of system font not supported on JSB.
2019-03-03T13:47:16.849Z - normal: Simulator: JS: [WARN]: Sorry, lineHeight of system font not supported on JSB.
2019-03-03T13:47:16.855Z - normal: Simulator: JS: [WARN]: Sorry, lineHeight of system font not supported on JSB.
2019-03-03T13:47:16.856Z - normal: Simulator: JS: [WARN]: Sorry, lineHeight of system font not supported on JSB.
2019-03-03T13:47:16.863Z - normal: Simulator: JS: [WARN]: Sorry, lineHeight of system font not supported on JSB.
2019-03-03T13:47:16.866Z - normal: Simulator: JS: [WARN]: Sorry, lineHeight of system font not supported on JSB.
2019-03-03T13:47:16.868Z - normal: Simulator: JS: [WARN]: Sorry, lineHeight of system font not supported on JSB.
2019-03-03T13:47:16.869Z - normal: Simulator: JS: [WARN]: Sorry, lineHeight of system font not supported on JSB.
2019-03-03T13:47:16.880Z - normal: Simulator: JS: [WARN]: Sorry, lineHeight of system font not supported on JSB.
2019-03-03T13:47:16.881Z - normal: Simulator: JS: [WARN]: Sorry, lineHeight of system font not supported on JSB.
2019-03-03T13:47:16.881Z - normal: Simulator: JS: [WARN]: Sorry, lineHeight of system font not supported on JSB.
2019-03-03T13:47:16.888Z - normal: Simulator: JS: [WARN]: Sorry, lineHeight of system font not supported on JSB.
2019-03-03T13:47:16.889Z - normal: Simulator: JS: [WARN]: Sorry, lineHeight of system font not supported on JSB.
2019-03-03T13:47:16.897Z - normal: Simulator: JS: [WARN]: Sorry, lineHeight of system font not supported on JSB.
2019-03-03T13:47:16.900Z - normal: Simulator: JS: [WARN]: Sorry, lineHeight of system font not supported on JSB.
2019-03-03T13:47:16.902Z - normal: Simulator: JS: [WARN]: Sorry, lineHeight of system font not supported on JSB.
2019-03-03T13:47:16.905Z - normal: Simulator: JS: [WARN]: Sorry, lineHeight of system font not supported on JSB.
2019-03-03T13:47:16.919Z - normal: Simulator: JS: [WARN]: Sorry, lineHeight of system font not supported on JSB.
2019-03-03T13:47:16.920Z - normal: Simulator: JS: [WARN]: Sorry, lineHeight of system font not supported on JSB.
2019-03-03T13:47:16.920Z - normal: Simulator: JS: [WARN]: Sorry, lineHeight of system font not supported on JSB.
2019-03-03T13:47:16.932Z - normal: Simulator: JS: [WARN]: Sorry, lineHeight of system font not supported on JSB.
2019-03-03T13:47:16.933Z - normal: Simulator: JS: [WARN]: Sorry, lineHeight of system font not supported on JSB.
2019-03-03T13:47:16.933Z - normal: Simulator: JS: [WARN]: Sorry, lineHeight of system font not supported on JSB.
2019-03-03T13:47:16.936Z - normal: Simulator: JS: [WARN]: Sorry, lineHeight of system font not supported on JSB.
2019-03-03T13:47:16.938Z - normal: Simulator: JS: [WARN]: Sorry, lineHeight of system font not supported on JSB.
2019-03-03T13:47:16.945Z - normal: Simulator: JS: [WARN]: Sorry, lineHeight of system font not supported on JSB.
2019-03-03T13:47:16.951Z - normal: Simulator: JS: [WARN]: Sorry, lineHeight of system font not supported on JSB.
2019-03-03T13:47:16.952Z - normal: Simulator: JS: [WARN]: Sorry, lineHeight of system font not supported on JSB.
2019-03-03T13:47:16.955Z - normal: Simulator: JS: [WARN]: Sorry, lineHeight of system font not supported on JSB.
2019-03-03T13:47:16.963Z - normal: Simulator: JS: [WARN]: Script attached to 'CloseBtn' is missing or invalid.
2019-03-03T13:47:16.987Z - normal: Simulator: ClippingNode warning: _stencil is nil.
2019-03-03T13:47:22.181Z - normal: Simulator: JS: LoadScene b0b3aae1-f7fe-472e-bc30-3de728bd6b48: 50.76900000000023ms
2019-03-03T13:47:22.183Z - normal: Simulator: JS: InitScene: 2.183999999999287ms
2019-03-03T13:47:22.183Z - normal: Simulator: JS: AutoRelease: 0.07700000000022555ms
2019-03-03T13:47:22.189Z - normal: Simulator: JS: Destroy: 5.84900000000016ms
2019-03-03T13:47:22.189Z - normal: Simulator: JS: AttachPersist: 0.0039999999999054126ms
2019-03-03T13:47:22.199Z - normal: Simulator: JS: Activate: 5.293999999999869ms
2019-03-03T13:47:26.346Z - normal: Simulator: JS: [WARN]: Can not find class '885b0zUHLpG/ZlGZx3G8szu'
2019-03-03T13:47:26.351Z - normal: Simulator: JS: [WARN]: Can not find class '885b0zUHLpG/ZlGZx3G8szu'
2019-03-03T13:47:26.411Z - normal: Simulator: setReturnType not implemented
2019-03-03T13:47:26.412Z - normal: Simulator: [Edit text] content size = (160.000000, 40.000000)
2019-03-03T13:47:26.413Z - normal: Simulator: setReturnType not implemented
2019-03-03T13:47:26.414Z - normal: Simulator: [Edit text] content size = (160.000000, 40.000000)
2019-03-03T13:47:26.415Z - normal: Simulator: [Edit text] content size = (400.000000, 130.000000)
2019-03-03T13:47:26.416Z - normal: Simulator: setReturnType not implemented
2019-03-03T13:47:26.417Z - normal: Simulator: [Edit text] content size = (400.000000, 130.000000)
2019-03-03T13:47:26.420Z - normal: Simulator: JS: [WARN]: Script attached to 'Finish' is missing or invalid.
2019-03-03T13:47:26.420Z - normal: Simulator: JS: [WARN]: Script attached to 'Menu' is missing or invalid.
2019-03-03T13:47:29.691Z - normal: Simulator: JS: LoadScene d622cd67-8299-48ad-b399-91a98e4469e3: 10.51600000000144ms
2019-03-03T13:47:29.699Z - normal: Simulator: JS: InitScene: 2.371000000001004ms
2019-03-03T13:47:29.699Z - normal: Simulator: JS: AutoRelease: 0.046000000000276486ms
2019-03-03T13:47:29.713Z - normal: Simulator: JS: Destroy: 10.77599999999984ms
2019-03-03T13:47:29.716Z - normal: Simulator: JS: AttachPersist: 0.0059999999994033715ms
2019-03-03T13:47:29.716Z - normal: Simulator: JS: Activate: 4.152000000000044ms
2019-03-03T13:47:30.421Z - normal: Simulator: JS: [WARN]: Sorry, lineHeight of system font not supported on JSB.
2019-03-03T13:47:30.422Z - normal: Simulator: JS: [WARN]: Sorry, lineHeight of system font not supported on JSB.
2019-03-03T13:47:30.424Z - normal: Simulator: JS: [WARN]: Sorry, lineHeight of system font not supported on JSB.
2019-03-03T13:47:30.434Z - normal: Simulator: JS: [WARN]: Sorry, lineHeight of system font not supported on JSB.
2019-03-03T13:47:30.434Z - normal: Simulator: JS: [WARN]: Sorry, lineHeight of system font not supported on JSB.
2019-03-03T13:47:30.434Z - normal: Simulator: JS: [WARN]: Sorry, lineHeight of system font not supported on JSB.
2019-03-03T13:47:30.440Z - normal: Simulator: JS: [WARN]: Sorry, lineHeight of system font not supported on JSB.
2019-03-03T13:47:30.441Z - normal: Simulator: JS: [WARN]: Sorry, lineHeight of system font not supported on JSB.
2019-03-03T13:47:30.451Z - normal: Simulator: JS: [WARN]: Sorry, lineHeight of system font not supported on JSB.
2019-03-03T13:47:30.452Z - normal: Simulator: JS: [WARN]: Sorry, lineHeight of system font not supported on JSB.
2019-03-03T13:47:30.453Z - normal: Simulator: JS: [WARN]: Sorry, lineHeight of system font not supported on JSB.
2019-03-03T13:47:30.455Z - normal: Simulator: JS: [WARN]: Sorry, lineHeight of system font not supported on JSB.
2019-03-03T13:47:30.464Z - normal: Simulator: JS: [WARN]: Sorry, lineHeight of system font not supported on JSB.
2019-03-03T13:47:30.465Z - normal: Simulator: JS: [WARN]: Sorry, lineHeight of system font not supported on JSB.
2019-03-03T13:47:30.467Z - normal: Simulator: JS: [WARN]: Sorry, lineHeight of system font not supported on JSB.
2019-03-03T13:47:30.473Z - normal: Simulator: JS: [WARN]: Sorry, lineHeight of system font not supported on JSB.
2019-03-03T13:47:30.475Z - normal: Simulator: JS: [WARN]: Sorry, lineHeight of system font not supported on JSB.
2019-03-03T13:47:30.487Z - normal: Simulator: JS: [WARN]: Sorry, lineHeight of system font not supported on JSB.
2019-03-03T13:47:30.488Z - normal: Simulator: JS: [WARN]: Sorry, lineHeight of system font not supported on JSB.
2019-03-03T13:47:30.489Z - normal: Simulator: JS: [WARN]: Sorry, lineHeight of system font not supported on JSB.
2019-03-03T13:47:30.489Z - normal: Simulator: JS: [WARN]: Sorry, lineHeight of system font not supported on JSB.
2019-03-03T13:47:30.499Z - normal: Simulator: JS: [WARN]: Sorry, lineHeight of system font not supported on JSB.
2019-03-03T13:47:30.500Z - normal: Simulator: JS: [WARN]: Sorry, lineHeight of system font not supported on JSB.
2019-03-03T13:47:30.502Z - normal: Simulator: JS: [WARN]: Sorry, lineHeight of system font not supported on JSB.
2019-03-03T13:47:30.509Z - normal: Simulator: JS: [WARN]: Sorry, lineHeight of system font not supported on JSB.
2019-03-03T13:47:30.516Z - normal: Simulator: JS: [WARN]: Sorry, lineHeight of system font not supported on JSB.
2019-03-03T13:47:30.518Z - normal: Simulator: JS: [WARN]: Sorry, lineHeight of system font not supported on JSB.
2019-03-03T13:47:30.533Z - normal: Simulator: JS: [WARN]: Sorry, lineHeight of system font not supported on JSB.
2019-03-03T13:47:30.533Z - normal: Simulator: JS: [WARN]: Sorry, lineHeight of system font not supported on JSB.
2019-03-03T13:47:30.534Z - normal: Simulator: JS: [WARN]: Sorry, lineHeight of system font not supported on JSB.
2019-03-03T13:47:30.537Z - normal: Simulator: JS: [WARN]: Sorry, lineHeight of system font not supported on JSB.
2019-03-03T13:47:30.538Z - normal: Simulator: JS: [WARN]: Sorry, lineHeight of system font not supported on JSB.
2019-03-03T13:47:30.539Z - normal: Simulator: JS: [WARN]: Sorry, lineHeight of system font not supported on JSB.
2019-03-03T13:47:30.545Z - normal: Simulator: JS: [WARN]: Sorry, lineHeight of system font not supported on JSB.
2019-03-03T13:47:30.547Z - normal: Simulator: JS: [WARN]: Sorry, lineHeight of system font not supported on JSB.
2019-03-03T13:47:30.551Z - normal: Simulator: JS: [WARN]: Sorry, lineHeight of system font not supported on JSB.
2019-03-03T13:47:30.558Z - normal: Simulator: JS: [WARN]: Sorry, lineHeight of system font not supported on JSB.
2019-03-03T13:47:30.565Z - normal: Simulator: JS: [WARN]: Sorry, lineHeight of system font not supported on JSB.
2019-03-03T13:47:30.566Z - normal: Simulator: JS: [WARN]: Sorry, lineHeight of system font not supported on JSB.
2019-03-03T13:47:30.571Z - normal: Simulator: JS: [WARN]: Sorry, lineHeight of system font not supported on JSB.
2019-03-03T13:47:30.573Z - normal: Simulator: JS: [WARN]: Sorry, lineHeight of system font not supported on JSB.
2019-03-03T13:47:30.574Z - normal: Simulator: JS: [WARN]: Sorry, lineHeight of system font not supported on JSB.
2019-03-03T13:47:30.587Z - normal: Simulator: JS: [WARN]: Sorry, lineHeight of system font not supported on JSB.
2019-03-03T13:47:30.589Z - normal: Simulator: JS: [WARN]: Sorry, lineHeight of system font not supported on JSB.
2019-03-03T13:47:30.591Z - normal: Simulator: JS: [WARN]: Sorry, lineHeight of system font not supported on JSB.
2019-03-03T13:47:30.600Z - normal: Simulator: JS: [WARN]: Sorry, lineHeight of system font not supported on JSB.
2019-03-03T13:47:30.601Z - normal: Simulator: JS: [WARN]: Sorry, lineHeight of system font not supported on JSB.
2019-03-03T13:47:30.601Z - normal: Simulator: JS: [WARN]: Sorry, lineHeight of system font not supported on JSB.
2019-03-03T13:47:30.606Z - normal: Simulator: JS: [WARN]: Sorry, lineHeight of system font not supported on JSB.
2019-03-03T13:47:30.607Z - normal: Simulator: JS: [WARN]: Sorry, lineHeight of system font not supported on JSB.
2019-03-03T13:47:30.616Z - normal: Simulator: JS: [WARN]: Sorry, lineHeight of system font not supported on JSB.
2019-03-03T13:47:30.618Z - normal: Simulator: JS: [WARN]: Sorry, lineHeight of system font not supported on JSB.
2019-03-03T13:47:30.620Z - normal: Simulator: JS: [WARN]: Sorry, lineHeight of system font not supported on JSB.
2019-03-03T13:47:30.622Z - normal: Simulator: JS: [WARN]: Sorry, lineHeight of system font not supported on JSB.
2019-03-03T13:47:30.635Z - normal: Simulator: JS: [WARN]: Sorry, lineHeight of system font not supported on JSB.
2019-03-03T13:47:30.635Z - normal: Simulator: JS: [WARN]: Sorry, lineHeight of system font not supported on JSB.
2019-03-03T13:47:30.635Z - normal: Simulator: JS: [WARN]: Sorry, lineHeight of system font not supported on JSB.
2019-03-03T13:47:30.647Z - normal: Simulator: JS: [WARN]: Sorry, lineHeight of system font not supported on JSB.
2019-03-03T13:47:30.648Z - normal: Simulator: JS: [WARN]: Sorry, lineHeight of system font not supported on JSB.
2019-03-03T13:47:30.648Z - normal: Simulator: JS: [WARN]: Sorry, lineHeight of system font not supported on JSB.
2019-03-03T13:47:30.653Z - normal: Simulator: JS: [WARN]: Script attached to 'CloseBtn' is missing or invalid.
2019-03-03T13:47:30.660Z - normal: Simulator: ClippingNode warning: _stencil is nil.
2019-03-03T13:47:31.902Z - normal: Simulator: setReturnType not implemented
2019-03-03T13:47:34.828Z - normal: Simulator: ScriptEngine::cleanup begin ...
2019-03-03T13:47:34.829Z - normal: Simulator: GC begin ..., (Native -> JS map) count: 585
2019-03-03T13:47:34.836Z - normal: Simulator: GC end ..., (Native -> JS map) count: 314
2019-03-03T13:47:34.840Z - normal: Simulator: GC begin ..., (Native -> JS map) count: 314
2019-03-03T13:47:34.851Z - normal: Simulator: GC end ..., (Native -> JS map) count: 314
2019-03-03T13:47:34.852Z - normal: Simulator: GC begin ..., (Native -> JS map) count: 314
2019-03-03T13:47:34.852Z - normal: Simulator: GC end ..., (Native -> JS map) count: 314
2019-03-03T13:47:34.875Z - normal: Simulator: Starting to cleanup dragonbones object, count: 0
2019-03-03T13:47:34.876Z - normal: Simulator: After first cleanup, dragonbones object remained count: 0
2019-03-03T13:47:34.876Z - normal: Simulator: After second cleanup, dragonbones object remained count: 0
2019-03-03T13:47:34.876Z - normal: Simulator: ScriptEngine::cleanup end ...
2019-03-03T15:12:40.753Z - normal: Simulator: WORKAREA WIDTH 1440.00, HEIGHT 785.00
2019-03-03T15:12:40.769Z - normal: Simulator: FRAME SCALE = 0.75
2019-03-03T15:12:40.932Z - normal: Simulator: 
2019-03-03T15:12:40.933Z - normal: Simulator: {
2019-03-03T15:12:40.933Z - normal: Simulator: 	gl.supports_OES_map_buffer: false
2019-03-03T15:12:40.934Z - normal: Simulator: 	gl.supports_vertex_array_object: true
2019-03-03T15:12:40.979Z - normal: Simulator: 	cocos2d.x.version: Cocos2d-x-lite v1.8.2
2019-03-03T15:12:40.979Z - normal: Simulator: 	gl.vendor: Intel Inc.
2019-03-03T15:12:40.980Z - normal: Simulator: 	gl.supports_PVRTC: false
2019-03-03T15:12:40.980Z - normal: Simulator: 	gl.renderer: Intel(R) HD Graphics 6000
2019-03-03T15:12:40.980Z - normal: Simulator: 	cocos2d.x.compiled_with_profiler: false
2019-03-03T15:12:40.981Z - normal: Simulator: 	gl.max_texture_size: 16384
2019-03-03T15:12:40.981Z - normal: Simulator: 	gl.supports_ETC1: false
2019-03-03T15:12:40.982Z - normal: Simulator: 	gl.supports_BGRA8888: false
2019-03-03T15:12:40.982Z - normal: Simulator: 	cocos2d.x.build_type: DEBUG
2019-03-03T15:12:40.982Z - normal: Simulator: 	gl.max_texture_units: 16
2019-03-03T15:12:40.983Z - normal: Simulator: 	gl.supports_OES_packed_depth_stencil: false
2019-03-03T15:12:40.983Z - normal: Simulator: 	gl.supports_discard_framebuffer: false
2019-03-03T15:12:40.983Z - normal: Simulator: 	gl.supports_NPOT: true
2019-03-03T15:12:40.984Z - normal: Simulator: 	gl.version: 2.1 INTEL-12.4.7
2019-03-03T15:12:40.984Z - normal: Simulator: 	cocos2d.x.compiled_with_gl_state_cache: true
2019-03-03T15:12:40.985Z - normal: Simulator: 	gl.supports_OES_depth24: false
2019-03-03T15:12:40.985Z - normal: Simulator: }
2019-03-03T15:12:40.985Z - normal: Simulator: 
2019-03-03T15:12:40.986Z - normal: Simulator: 
2019-03-03T15:12:40.986Z - normal: Simulator: cocos2d: warning, Director::setProjection() failed because size is 0
2019-03-03T15:12:41.099Z - normal: Simulator: Project Config:
2019-03-03T15:12:41.100Z - normal: Simulator:     project dir: /Applications/CocosCreator.app/Contents/Resources/cocos2d-x/simulator/mac/Simulator.app/Contents/Resources/
2019-03-03T15:12:41.101Z - normal: Simulator:     writable path: $(PROJDIR)/
2019-03-03T15:12:41.102Z - normal: Simulator:     script file: $(PROJDIR)/main.js
2019-03-03T15:12:41.103Z - normal: Simulator:     frame size: 640 x 960
2019-03-03T15:12:41.105Z - normal: Simulator:     frame scale: 0.75
2019-03-03T15:12:41.107Z - normal: Simulator:     show console: NO
2019-03-03T15:12:41.107Z - normal: Simulator:     write debug log: NO ()
2019-03-03T15:12:41.108Z - normal: Simulator:     listen: 
2019-03-03T15:12:41.108Z - normal: Simulator:     debugger: none
2019-03-03T15:12:41.109Z - normal: Simulator:     add searching path:
2019-03-03T15:12:41.121Z - normal: Simulator: ------------------------------------------------
2019-03-03T15:12:41.122Z - normal: Simulator: LOAD Js FILE: main.js
2019-03-03T15:12:41.124Z - normal: Simulator: ------------------------------------------------
2019-03-03T15:12:41.125Z - normal: Simulator: Initializing JavaScriptCore 
2019-03-03T15:12:41.384Z - normal: Simulator: JS: Cocos2d-x-lite v1.8.2
2019-03-03T15:12:41.917Z - normal: Simulator: iShow!
2019-03-03T15:12:42.154Z - normal: Simulator: JS: InitScene: 4.124000000000024ms
2019-03-03T15:12:42.155Z - normal: Simulator: JS: AutoRelease: 0.1349999999999909ms
2019-03-03T15:12:42.155Z - normal: Simulator: JS: Destroy: 0.0749999999998181ms
2019-03-03T15:12:42.155Z - normal: Simulator: JS: AttachPersist: 0.009999999999990905ms
2019-03-03T15:12:42.166Z - normal: Simulator: JS: Activate: 11.277000000000044ms
